CRITICAL - 2021-04-27 08:51:41 --> Class 'App\Controllers\m_a_user' not found
#0 C:\laragon\www\aqmsfs2\gui\app\Controllers\Home.php(10): App\Controllers\BaseController->__construct()
#1 C:\laragon\www\aqmsfs2\gui\vendor\codeigniter4\framework\system\CodeIgniter.php(908): App\Controllers\Home->__construct()
#2 C:\laragon\www\aqmsfs2\gui\vendor\codeigniter4\framework\system\CodeIgniter.php(422): CodeIgniter\CodeIgniter->createController()
#3 C:\laragon\www\aqmsfs2\gui\vendor\codeigniter4\framework\system\CodeIgniter.php(333): CodeIgniter\CodeIgniter->handleRequest(NULL, Object(Config\Cache), false)
#4 C:\laragon\www\aqmsfs2\gui\public\index.php(45): CodeIgniter\CodeIgniter->run()
#5 C:\laragon\www\aqmsfs2\gui\vendor\codeigniter4\framework\system\Commands\Server\rewrite.php(45): require_once('C:\\laragon\\www\\...')
#6 {main}
CRITICAL - 2021-04-27 08:53:09 --> Undefined variable: __session
#0 C:\laragon\www\aqmsfs2\gui\app\Views\v_menu.php(17): CodeIgniter\Debug\Exceptions->errorHandler(8, 'Undefined varia...', 'C:\\laragon\\www\\...', 17, Array)
#1 C:\laragon\www\aqmsfs2\gui\vendor\codeigniter4\framework\system\View\View.php(220): include('C:\\laragon\\www\\...')
#2 C:\laragon\www\aqmsfs2\gui\vendor\codeigniter4\framework\system\View\View.php(222): CodeIgniter\View\View->CodeIgniter\View\{closure}()
#3 C:\laragon\www\aqmsfs2\gui\vendor\codeigniter4\framework\system\Common.php(1217): CodeIgniter\View\View->render('v_menu', Array, true)
#4 C:\laragon\www\aqmsfs2\gui\app\Controllers\Home.php(16): view('v_menu')
#5 C:\laragon\www\aqmsfs2\gui\vendor\codeigniter4\framework\system\CodeIgniter.php(936): App\Controllers\Home->index()
#6 C:\laragon\www\aqmsfs2\gui\vendor\codeigniter4\framework\system\CodeIgniter.php(432): CodeIgniter\CodeIgniter->runController(Object(App\Controllers\Home))
#7 C:\laragon\www\aqmsfs2\gui\vendor\codeigniter4\framework\system\CodeIgniter.php(333): CodeIgniter\CodeIgniter->handleRequest(NULL, Object(Config\Cache), false)
#8 C:\laragon\www\aqmsfs2\gui\public\index.php(45): CodeIgniter\CodeIgniter->run()
#9 C:\laragon\www\aqmsfs2\gui\vendor\codeigniter4\framework\system\Commands\Server\rewrite.php(45): require_once('C:\\laragon\\www\\...')
#10 {main}
CRITICAL - 2021-04-27 09:07:14 --> Call to undefined method CodeIgniter\View\View::extends()
#0 C:\laragon\www\aqmsfs2\gui\vendor\codeigniter4\framework\system\View\View.php(220): include()
#1 C:\laragon\www\aqmsfs2\gui\vendor\codeigniter4\framework\system\View\View.php(222): CodeIgniter\View\View->CodeIgniter\View\{closure}()
#2 C:\laragon\www\aqmsfs2\gui\vendor\codeigniter4\framework\system\Common.php(1217): CodeIgniter\View\View->render('v_dashboard', Array, true)
#3 C:\laragon\www\aqmsfs2\gui\app\Controllers\Home.php(22): view('v_dashboard')
#4 C:\laragon\www\aqmsfs2\gui\vendor\codeigniter4\framework\system\CodeIgniter.php(936): App\Controllers\Home->index()
#5 C:\laragon\www\aqmsfs2\gui\vendor\codeigniter4\framework\system\CodeIgniter.php(432): CodeIgniter\CodeIgniter->runController(Object(App\Controllers\Home))
#6 C:\laragon\www\aqmsfs2\gui\vendor\codeigniter4\framework\system\CodeIgniter.php(333): CodeIgniter\CodeIgniter->handleRequest(NULL, Object(Config\Cache), false)
#7 C:\laragon\www\aqmsfs2\gui\public\index.php(45): CodeIgniter\CodeIgniter->run()
#8 C:\laragon\www\aqmsfs2\gui\vendor\codeigniter4\framework\system\Commands\Server\rewrite.php(45): require_once('C:\\laragon\\www\\...')
#9 {main}
CRITICAL - 2021-04-27 09:11:54 --> A non-numeric value encountered
#0 C:\laragon\www\aqmsfs2\gui\app\Views\layouts\layouts.php(8): CodeIgniter\Debug\Exceptions->errorHandler(2, 'A non-numeric v...', 'C:\\laragon\\www\\...', 8, Array)
#1 C:\laragon\www\aqmsfs2\gui\vendor\codeigniter4\framework\system\View\View.php(220): include('C:\\laragon\\www\\...')
#2 C:\laragon\www\aqmsfs2\gui\vendor\codeigniter4\framework\system\View\View.php(222): CodeIgniter\View\View->CodeIgniter\View\{closure}()
#3 C:\laragon\www\aqmsfs2\gui\vendor\codeigniter4\framework\system\View\View.php(236): CodeIgniter\View\View->render('layouts/layouts', Array, true)
#4 C:\laragon\www\aqmsfs2\gui\vendor\codeigniter4\framework\system\Common.php(1217): CodeIgniter\View\View->render('dashboard/v_das...', Array, true)
#5 C:\laragon\www\aqmsfs2\gui\app\Controllers\Home.php(23): view('dashboard/v_das...', Array)
#6 C:\laragon\www\aqmsfs2\gui\vendor\codeigniter4\framework\system\CodeIgniter.php(936): App\Controllers\Home->index()
#7 C:\laragon\www\aqmsfs2\gui\vendor\codeigniter4\framework\system\CodeIgniter.php(432): CodeIgniter\CodeIgniter->runController(Object(App\Controllers\Home))
#8 C:\laragon\www\aqmsfs2\gui\vendor\codeigniter4\framework\system\CodeIgniter.php(333): CodeIgniter\CodeIgniter->handleRequest(NULL, Object(Config\Cache), false)
#9 C:\laragon\www\aqmsfs2\gui\public\index.php(45): CodeIgniter\CodeIgniter->run()
#10 C:\laragon\www\aqmsfs2\gui\vendor\codeigniter4\framework\system\Commands\Server\rewrite.php(45): require_once('C:\\laragon\\www\\...')
#11 {main}
CRITICAL - 2021-04-27 10:20:47 --> Use of undefined constant WEB_LANG - assumed 'WEB_LANG' (this will throw an Error in a future version of PHP)
#0 C:\laragon\www\aqmsfs2\gui\app\Controllers\BaseController.php(32): CodeIgniter\Debug\Exceptions->errorHandler(2, 'Use of undefine...', 'C:\\laragon\\www\\...', 32, Array)
#1 C:\laragon\www\aqmsfs2\gui\app\Controllers\Home.php(10): App\Controllers\BaseController->__construct()
#2 C:\laragon\www\aqmsfs2\gui\vendor\codeigniter4\framework\system\CodeIgniter.php(908): App\Controllers\Home->__construct()
#3 C:\laragon\www\aqmsfs2\gui\vendor\codeigniter4\framework\system\CodeIgniter.php(422): CodeIgniter\CodeIgniter->createController()
#4 C:\laragon\www\aqmsfs2\gui\vendor\codeigniter4\framework\system\CodeIgniter.php(333): CodeIgniter\CodeIgniter->handleRequest(NULL, Object(Config\Cache), false)
#5 C:\laragon\www\aqmsfs2\gui\public\index.php(45): CodeIgniter\CodeIgniter->run()
#6 C:\laragon\www\aqmsfs2\gui\vendor\codeigniter4\framework\system\Commands\Server\rewrite.php(45): require_once('C:\\laragon\\www\\...')
#7 {main}
CRITICAL - 2021-04-27 10:20:47 --> Uncaught ErrorException: Cannot modify header information - headers already sent by (output started at C:\laragon\www\aqmsfs2\gui\app\Config\Events.php:27) in C:\laragon\www\aqmsfs2\gui\vendor\codeigniter4\framework\system\Debug\Exceptions.php:137
Stack trace:
#0 [internal function]: CodeIgniter\Debug\Exceptions->errorHandler(2, 'Cannot modify h...', 'C:\\laragon\\www\\...', 137, Array)
#1 C:\laragon\www\aqmsfs2\gui\vendor\codeigniter4\framework\system\Debug\Exceptions.php(137): header('HTTP/1.1 500 In...', true, 500)
#2 [internal function]: CodeIgniter\Debug\Exceptions->exceptionHandler(Object(ErrorException))
#3 {main}
  thrown
#0 [internal function]: CodeIgniter\Debug\Exceptions->shutdownHandler()
#1 {main}
CRITICAL - 2021-04-27 10:21:07 --> Use of undefined constant WEB_LANG - assumed 'WEB_LANG' (this will throw an Error in a future version of PHP)
#0 C:\laragon\www\aqmsfs2\gui\app\Controllers\BaseController.php(32): CodeIgniter\Debug\Exceptions->errorHandler(2, 'Use of undefine...', 'C:\\laragon\\www\\...', 32, Array)
#1 C:\laragon\www\aqmsfs2\gui\app\Controllers\Home.php(10): App\Controllers\BaseController->__construct()
#2 C:\laragon\www\aqmsfs2\gui\vendor\codeigniter4\framework\system\CodeIgniter.php(908): App\Controllers\Home->__construct()
#3 C:\laragon\www\aqmsfs2\gui\vendor\codeigniter4\framework\system\CodeIgniter.php(422): CodeIgniter\CodeIgniter->createController()
#4 C:\laragon\www\aqmsfs2\gui\vendor\codeigniter4\framework\system\CodeIgniter.php(333): CodeIgniter\CodeIgniter->handleRequest(NULL, Object(Config\Cache), false)
#5 C:\laragon\www\aqmsfs2\gui\public\index.php(45): CodeIgniter\CodeIgniter->run()
#6 C:\laragon\www\aqmsfs2\gui\vendor\codeigniter4\framework\system\Commands\Server\rewrite.php(45): require_once('C:\\laragon\\www\\...')
#7 {main}
CRITICAL - 2021-04-27 10:21:07 --> Uncaught ErrorException: Cannot modify header information - headers already sent by (output started at C:\laragon\www\aqmsfs2\gui\app\Config\Events.php:27) in C:\laragon\www\aqmsfs2\gui\vendor\codeigniter4\framework\system\Debug\Exceptions.php:137
Stack trace:
#0 [internal function]: CodeIgniter\Debug\Exceptions->errorHandler(2, 'Cannot modify h...', 'C:\\laragon\\www\\...', 137, Array)
#1 C:\laragon\www\aqmsfs2\gui\vendor\codeigniter4\framework\system\Debug\Exceptions.php(137): header('HTTP/1.1 500 In...', true, 500)
#2 [internal function]: CodeIgniter\Debug\Exceptions->exceptionHandler(Object(ErrorException))
#3 {main}
  thrown
#0 [internal function]: CodeIgniter\Debug\Exceptions->shutdownHandler()
#1 {main}
CRITICAL - 2021-04-27 10:32:52 --> ini_set(): A session is active. You cannot change the session module's ini settings at this time
#0 [internal function]: CodeIgniter\Debug\Exceptions->errorHandler(2, 'ini_set(): A se...', 'C:\\laragon\\www\\...', 80, Array)
#1 C:\laragon\www\aqmsfs2\gui\vendor\codeigniter4\framework\system\Session\Handlers\FileHandler.php(80): ini_set('session.save_pa...', 'C:\\laragon\\www\\...')
#2 C:\laragon\www\aqmsfs2\gui\vendor\codeigniter4\framework\system\Config\Services.php(706): CodeIgniter\Session\Handlers\FileHandler->__construct(Object(Config\App), '::1')
#3 C:\laragon\www\aqmsfs2\gui\vendor\codeigniter4\framework\system\Config\BaseService.php(100): CodeIgniter\Config\Services::session(Object(Config\App), false)
#4 C:\laragon\www\aqmsfs2\gui\vendor\codeigniter4\framework\system\Config\Services.php(699): CodeIgniter\Config\BaseService::getSharedInstance('session', NULL)
#5 C:\laragon\www\aqmsfs2\gui\vendor\codeigniter4\framework\system\Common.php(999): CodeIgniter\Config\Services::session()
#6 C:\laragon\www\aqmsfs2\gui\app\Controllers\Language.php(15): session()
#7 C:\laragon\www\aqmsfs2\gui\vendor\codeigniter4\framework\system\CodeIgniter.php(936): App\Controllers\Language->index()
#8 C:\laragon\www\aqmsfs2\gui\vendor\codeigniter4\framework\system\CodeIgniter.php(432): CodeIgniter\CodeIgniter->runController(Object(App\Controllers\Language))
#9 C:\laragon\www\aqmsfs2\gui\vendor\codeigniter4\framework\system\CodeIgniter.php(333): CodeIgniter\CodeIgniter->handleRequest(NULL, Object(Config\Cache), false)
#10 C:\laragon\www\aqmsfs2\gui\public\index.php(45): CodeIgniter\CodeIgniter->run()
#11 C:\laragon\www\aqmsfs2\gui\vendor\codeigniter4\framework\system\Commands\Server\rewrite.php(45): require_once('C:\\laragon\\www\\...')
#12 {main}
CRITICAL - 2021-04-27 10:33:33 --> ini_set(): A session is active. You cannot change the session module's ini settings at this time
#0 [internal function]: CodeIgniter\Debug\Exceptions->errorHandler(2, 'ini_set(): A se...', 'C:\\laragon\\www\\...', 80, Array)
#1 C:\laragon\www\aqmsfs2\gui\vendor\codeigniter4\framework\system\Session\Handlers\FileHandler.php(80): ini_set('session.save_pa...', 'C:\\laragon\\www\\...')
#2 C:\laragon\www\aqmsfs2\gui\vendor\codeigniter4\framework\system\Config\Services.php(706): CodeIgniter\Session\Handlers\FileHandler->__construct(Object(Config\App), '::1')
#3 C:\laragon\www\aqmsfs2\gui\vendor\codeigniter4\framework\system\Config\BaseService.php(100): CodeIgniter\Config\Services::session(Object(Config\App), false)
#4 C:\laragon\www\aqmsfs2\gui\vendor\codeigniter4\framework\system\Config\Services.php(699): CodeIgniter\Config\BaseService::getSharedInstance('session', NULL)
#5 C:\laragon\www\aqmsfs2\gui\vendor\codeigniter4\framework\system\Common.php(999): CodeIgniter\Config\Services::session()
#6 C:\laragon\www\aqmsfs2\gui\app\Controllers\Language.php(15): session()
#7 C:\laragon\www\aqmsfs2\gui\vendor\codeigniter4\framework\system\CodeIgniter.php(936): App\Controllers\Language->index()
#8 C:\laragon\www\aqmsfs2\gui\vendor\codeigniter4\framework\system\CodeIgniter.php(432): CodeIgniter\CodeIgniter->runController(Object(App\Controllers\Language))
#9 C:\laragon\www\aqmsfs2\gui\vendor\codeigniter4\framework\system\CodeIgniter.php(333): CodeIgniter\CodeIgniter->handleRequest(NULL, Object(Config\Cache), false)
#10 C:\laragon\www\aqmsfs2\gui\public\index.php(45): CodeIgniter\CodeIgniter->run()
#11 C:\laragon\www\aqmsfs2\gui\vendor\codeigniter4\framework\system\Commands\Server\rewrite.php(45): require_once('C:\\laragon\\www\\...')
#12 {main}
CRITICAL - 2021-04-27 10:33:34 --> ini_set(): A session is active. You cannot change the session module's ini settings at this time
#0 [internal function]: CodeIgniter\Debug\Exceptions->errorHandler(2, 'ini_set(): A se...', 'C:\\laragon\\www\\...', 80, Array)
#1 C:\laragon\www\aqmsfs2\gui\vendor\codeigniter4\framework\system\Session\Handlers\FileHandler.php(80): ini_set('session.save_pa...', 'C:\\laragon\\www\\...')
#2 C:\laragon\www\aqmsfs2\gui\vendor\codeigniter4\framework\system\Config\Services.php(706): CodeIgniter\Session\Handlers\FileHandler->__construct(Object(Config\App), '::1')
#3 C:\laragon\www\aqmsfs2\gui\vendor\codeigniter4\framework\system\Config\BaseService.php(100): CodeIgniter\Config\Services::session(Object(Config\App), false)
#4 C:\laragon\www\aqmsfs2\gui\vendor\codeigniter4\framework\system\Config\Services.php(699): CodeIgniter\Config\BaseService::getSharedInstance('session', NULL)
#5 C:\laragon\www\aqmsfs2\gui\vendor\codeigniter4\framework\system\Common.php(999): CodeIgniter\Config\Services::session()
#6 C:\laragon\www\aqmsfs2\gui\app\Controllers\Language.php(15): session()
#7 C:\laragon\www\aqmsfs2\gui\vendor\codeigniter4\framework\system\CodeIgniter.php(936): App\Controllers\Language->index()
#8 C:\laragon\www\aqmsfs2\gui\vendor\codeigniter4\framework\system\CodeIgniter.php(432): CodeIgniter\CodeIgniter->runController(Object(App\Controllers\Language))
#9 C:\laragon\www\aqmsfs2\gui\vendor\codeigniter4\framework\system\CodeIgniter.php(333): CodeIgniter\CodeIgniter->handleRequest(NULL, Object(Config\Cache), false)
#10 C:\laragon\www\aqmsfs2\gui\public\index.php(45): CodeIgniter\CodeIgniter->run()
#11 C:\laragon\www\aqmsfs2\gui\vendor\codeigniter4\framework\system\Commands\Server\rewrite.php(45): require_once('C:\\laragon\\www\\...')
#12 {main}
CRITICAL - 2021-04-27 10:33:36 --> ini_set(): A session is active. You cannot change the session module's ini settings at this time
#0 [internal function]: CodeIgniter\Debug\Exceptions->errorHandler(2, 'ini_set(): A se...', 'C:\\laragon\\www\\...', 80, Array)
#1 C:\laragon\www\aqmsfs2\gui\vendor\codeigniter4\framework\system\Session\Handlers\FileHandler.php(80): ini_set('session.save_pa...', 'C:\\laragon\\www\\...')
#2 C:\laragon\www\aqmsfs2\gui\vendor\codeigniter4\framework\system\Config\Services.php(706): CodeIgniter\Session\Handlers\FileHandler->__construct(Object(Config\App), '::1')
#3 C:\laragon\www\aqmsfs2\gui\vendor\codeigniter4\framework\system\Config\BaseService.php(100): CodeIgniter\Config\Services::session(Object(Config\App), false)
#4 C:\laragon\www\aqmsfs2\gui\vendor\codeigniter4\framework\system\Config\Services.php(699): CodeIgniter\Config\BaseService::getSharedInstance('session', NULL)
#5 C:\laragon\www\aqmsfs2\gui\vendor\codeigniter4\framework\system\Common.php(999): CodeIgniter\Config\Services::session()
#6 C:\laragon\www\aqmsfs2\gui\app\Controllers\Language.php(16): session()
#7 C:\laragon\www\aqmsfs2\gui\vendor\codeigniter4\framework\system\CodeIgniter.php(936): App\Controllers\Language->index()
#8 C:\laragon\www\aqmsfs2\gui\vendor\codeigniter4\framework\system\CodeIgniter.php(432): CodeIgniter\CodeIgniter->runController(Object(App\Controllers\Language))
#9 C:\laragon\www\aqmsfs2\gui\vendor\codeigniter4\framework\system\CodeIgniter.php(333): CodeIgniter\CodeIgniter->handleRequest(NULL, Object(Config\Cache), false)
#10 C:\laragon\www\aqmsfs2\gui\public\index.php(45): CodeIgniter\CodeIgniter->run()
#11 C:\laragon\www\aqmsfs2\gui\vendor\codeigniter4\framework\system\Commands\Server\rewrite.php(45): require_once('C:\\laragon\\www\\...')
#12 {main}
CRITICAL - 2021-04-27 10:33:53 --> ini_set(): A session is active. You cannot change the session module's ini settings at this time
#0 [internal function]: CodeIgniter\Debug\Exceptions->errorHandler(2, 'ini_set(): A se...', 'C:\\laragon\\www\\...', 80, Array)
#1 C:\laragon\www\aqmsfs2\gui\vendor\codeigniter4\framework\system\Session\Handlers\FileHandler.php(80): ini_set('session.save_pa...', 'C:\\laragon\\www\\...')
#2 C:\laragon\www\aqmsfs2\gui\vendor\codeigniter4\framework\system\Config\Services.php(706): CodeIgniter\Session\Handlers\FileHandler->__construct(Object(Config\App), '::1')
#3 C:\laragon\www\aqmsfs2\gui\vendor\codeigniter4\framework\system\Config\BaseService.php(100): CodeIgniter\Config\Services::session(Object(Config\App), false)
#4 C:\laragon\www\aqmsfs2\gui\vendor\codeigniter4\framework\system\Config\Services.php(699): CodeIgniter\Config\BaseService::getSharedInstance('session', NULL)
#5 C:\laragon\www\aqmsfs2\gui\vendor\codeigniter4\framework\system\Common.php(999): CodeIgniter\Config\Services::session()
#6 C:\laragon\www\aqmsfs2\gui\app\Controllers\Language.php(16): session()
#7 C:\laragon\www\aqmsfs2\gui\vendor\codeigniter4\framework\system\CodeIgniter.php(936): App\Controllers\Language->index()
#8 C:\laragon\www\aqmsfs2\gui\vendor\codeigniter4\framework\system\CodeIgniter.php(432): CodeIgniter\CodeIgniter->runController(Object(App\Controllers\Language))
#9 C:\laragon\www\aqmsfs2\gui\vendor\codeigniter4\framework\system\CodeIgniter.php(333): CodeIgniter\CodeIgniter->handleRequest(NULL, Object(Config\Cache), false)
#10 C:\laragon\www\aqmsfs2\gui\public\index.php(45): CodeIgniter\CodeIgniter->run()
#11 C:\laragon\www\aqmsfs2\gui\vendor\codeigniter4\framework\system\Commands\Server\rewrite.php(45): require_once('C:\\laragon\\www\\...')
#12 {main}
CRITICAL - 2021-04-27 10:34:18 --> Undefined index: HTTP_REFERER
#0 C:\laragon\www\aqmsfs2\gui\app\Controllers\Language.php(17): CodeIgniter\Debug\Exceptions->errorHandler(8, 'Undefined index...', 'C:\\laragon\\www\\...', 17, Array)
#1 C:\laragon\www\aqmsfs2\gui\vendor\codeigniter4\framework\system\CodeIgniter.php(936): App\Controllers\Language->index()
#2 C:\laragon\www\aqmsfs2\gui\vendor\codeigniter4\framework\system\CodeIgniter.php(432): CodeIgniter\CodeIgniter->runController(Object(App\Controllers\Language))
#3 C:\laragon\www\aqmsfs2\gui\vendor\codeigniter4\framework\system\CodeIgniter.php(333): CodeIgniter\CodeIgniter->handleRequest(NULL, Object(Config\Cache), false)
#4 C:\laragon\www\aqmsfs2\gui\public\index.php(45): CodeIgniter\CodeIgniter->run()
#5 C:\laragon\www\aqmsfs2\gui\vendor\codeigniter4\framework\system\Commands\Server\rewrite.php(45): require_once('C:\\laragon\\www\\...')
#6 {main}
CRITICAL - 2021-04-27 10:34:19 --> Undefined index: HTTP_REFERER
#0 C:\laragon\www\aqmsfs2\gui\app\Controllers\Language.php(17): CodeIgniter\Debug\Exceptions->errorHandler(8, 'Undefined index...', 'C:\\laragon\\www\\...', 17, Array)
#1 C:\laragon\www\aqmsfs2\gui\vendor\codeigniter4\framework\system\CodeIgniter.php(936): App\Controllers\Language->index()
#2 C:\laragon\www\aqmsfs2\gui\vendor\codeigniter4\framework\system\CodeIgniter.php(432): CodeIgniter\CodeIgniter->runController(Object(App\Controllers\Language))
#3 C:\laragon\www\aqmsfs2\gui\vendor\codeigniter4\framework\system\CodeIgniter.php(333): CodeIgniter\CodeIgniter->handleRequest(NULL, Object(Config\Cache), false)
#4 C:\laragon\www\aqmsfs2\gui\public\index.php(45): CodeIgniter\CodeIgniter->run()
#5 C:\laragon\www\aqmsfs2\gui\vendor\codeigniter4\framework\system\Commands\Server\rewrite.php(45): require_once('C:\\laragon\\www\\...')
#6 {main}
CRITICAL - 2021-04-27 10:34:20 --> Undefined index: HTTP_REFERER
#0 C:\laragon\www\aqmsfs2\gui\app\Controllers\Language.php(17): CodeIgniter\Debug\Exceptions->errorHandler(8, 'Undefined index...', 'C:\\laragon\\www\\...', 17, Array)
#1 C:\laragon\www\aqmsfs2\gui\vendor\codeigniter4\framework\system\CodeIgniter.php(936): App\Controllers\Language->index()
#2 C:\laragon\www\aqmsfs2\gui\vendor\codeigniter4\framework\system\CodeIgniter.php(432): CodeIgniter\CodeIgniter->runController(Object(App\Controllers\Language))
#3 C:\laragon\www\aqmsfs2\gui\vendor\codeigniter4\framework\system\CodeIgniter.php(333): CodeIgniter\CodeIgniter->handleRequest(NULL, Object(Config\Cache), false)
#4 C:\laragon\www\aqmsfs2\gui\public\index.php(45): CodeIgniter\CodeIgniter->run()
#5 C:\laragon\www\aqmsfs2\gui\vendor\codeigniter4\framework\system\Commands\Server\rewrite.php(45): require_once('C:\\laragon\\www\\...')
#6 {main}
CRITICAL - 2021-04-27 10:34:30 --> Undefined index: HTTP_REFFERER
#0 C:\laragon\www\aqmsfs2\gui\app\Controllers\Language.php(17): CodeIgniter\Debug\Exceptions->errorHandler(8, 'Undefined index...', 'C:\\laragon\\www\\...', 17, Array)
#1 C:\laragon\www\aqmsfs2\gui\vendor\codeigniter4\framework\system\CodeIgniter.php(936): App\Controllers\Language->index()
#2 C:\laragon\www\aqmsfs2\gui\vendor\codeigniter4\framework\system\CodeIgniter.php(432): CodeIgniter\CodeIgniter->runController(Object(App\Controllers\Language))
#3 C:\laragon\www\aqmsfs2\gui\vendor\codeigniter4\framework\system\CodeIgniter.php(333): CodeIgniter\CodeIgniter->handleRequest(NULL, Object(Config\Cache), false)
#4 C:\laragon\www\aqmsfs2\gui\public\index.php(45): CodeIgniter\CodeIgniter->run()
#5 C:\laragon\www\aqmsfs2\gui\vendor\codeigniter4\framework\system\Commands\Server\rewrite.php(45): require_once('C:\\laragon\\www\\...')
#6 {main}
CRITICAL - 2021-04-27 10:34:47 --> Undefined index: HTTP_REFERER
#0 C:\laragon\www\aqmsfs2\gui\app\Controllers\Language.php(17): CodeIgniter\Debug\Exceptions->errorHandler(8, 'Undefined index...', 'C:\\laragon\\www\\...', 17, Array)
#1 C:\laragon\www\aqmsfs2\gui\vendor\codeigniter4\framework\system\CodeIgniter.php(936): App\Controllers\Language->index()
#2 C:\laragon\www\aqmsfs2\gui\vendor\codeigniter4\framework\system\CodeIgniter.php(432): CodeIgniter\CodeIgniter->runController(Object(App\Controllers\Language))
#3 C:\laragon\www\aqmsfs2\gui\vendor\codeigniter4\framework\system\CodeIgniter.php(333): CodeIgniter\CodeIgniter->handleRequest(NULL, Object(Config\Cache), false)
#4 C:\laragon\www\aqmsfs2\gui\public\index.php(45): CodeIgniter\CodeIgniter->run()
#5 C:\laragon\www\aqmsfs2\gui\vendor\codeigniter4\framework\system\Commands\Server\rewrite.php(45): require_once('C:\\laragon\\www\\...')
#6 {main}
