CRITICAL - 2021-04-26 21:45:05 --> Class 'App\Models\m_a_user' not found
#0 C:\Users\dhove\Documents\TRUSUR\aqms_fs2\gui\app\Controllers\Home.php(10): App\Controllers\BaseController->__construct()
#1 C:\Users\dhove\Documents\TRUSUR\aqms_fs2\gui\vendor\codeigniter4\framework\system\CodeIgniter.php(907): App\Controllers\Home->__construct()
#2 C:\Users\dhove\Documents\TRUSUR\aqms_fs2\gui\vendor\codeigniter4\framework\system\CodeIgniter.php(421): CodeIgniter\CodeIgniter->createController()
#3 C:\Users\dhove\Documents\TRUSUR\aqms_fs2\gui\vendor\codeigniter4\framework\system\CodeIgniter.php(332): CodeIgniter\CodeIgniter->handleRequest(NULL, Object(Config\Cache), false)
#4 C:\Users\dhove\Documents\TRUSUR\aqms_fs2\gui\public\index.php(45): CodeIgniter\CodeIgniter->run()
#5 C:\Users\dhove\Documents\TRUSUR\aqms_fs2\gui\vendor\codeigniter4\framework\system\Commands\Server\rewrite.php(45): require_once('C:\\Users\\dhove\\...')
#6 {main}
CRITICAL - 2021-04-26 21:46:04 --> Undefined variable: __session
#0 C:\Users\dhove\Documents\TRUSUR\aqms_fs2\gui\app\Views\v_menu.php(17): CodeIgniter\Debug\Exceptions->errorHandler(8, 'Undefined varia...', 'C:\\Users\\dhove\\...', 17, Array)
#1 C:\Users\dhove\Documents\TRUSUR\aqms_fs2\gui\vendor\codeigniter4\framework\system\View\View.php(220): include('C:\\Users\\dhove\\...')
#2 C:\Users\dhove\Documents\TRUSUR\aqms_fs2\gui\vendor\codeigniter4\framework\system\View\View.php(222): CodeIgniter\View\View->CodeIgniter\View\{closure}()
#3 C:\Users\dhove\Documents\TRUSUR\aqms_fs2\gui\vendor\codeigniter4\framework\system\Common.php(1217): CodeIgniter\View\View->render('v_menu', Array, true)
#4 C:\Users\dhove\Documents\TRUSUR\aqms_fs2\gui\app\Controllers\Home.php(16): view('v_menu')
#5 C:\Users\dhove\Documents\TRUSUR\aqms_fs2\gui\vendor\codeigniter4\framework\system\CodeIgniter.php(935): App\Controllers\Home->index()
#6 C:\Users\dhove\Documents\TRUSUR\aqms_fs2\gui\vendor\codeigniter4\framework\system\CodeIgniter.php(431): CodeIgniter\CodeIgniter->runController(Object(App\Controllers\Home))
#7 C:\Users\dhove\Documents\TRUSUR\aqms_fs2\gui\vendor\codeigniter4\framework\system\CodeIgniter.php(332): CodeIgniter\CodeIgniter->handleRequest(NULL, Object(Config\Cache), false)
#8 C:\Users\dhove\Documents\TRUSUR\aqms_fs2\gui\public\index.php(45): CodeIgniter\CodeIgniter->run()
#9 C:\Users\dhove\Documents\TRUSUR\aqms_fs2\gui\vendor\codeigniter4\framework\system\Commands\Server\rewrite.php(45): require_once('C:\\Users\\dhove\\...')
#10 {main}
CRITICAL - 2021-04-26 21:46:59 --> Class 'App\Controllers\m_a_user' not found
#0 C:\Users\dhove\Documents\TRUSUR\aqms_fs2\gui\app\Controllers\Home.php(10): App\Controllers\BaseController->__construct()
#1 C:\Users\dhove\Documents\TRUSUR\aqms_fs2\gui\vendor\codeigniter4\framework\system\CodeIgniter.php(907): App\Controllers\Home->__construct()
#2 C:\Users\dhove\Documents\TRUSUR\aqms_fs2\gui\vendor\codeigniter4\framework\system\CodeIgniter.php(421): CodeIgniter\CodeIgniter->createController()
#3 C:\Users\dhove\Documents\TRUSUR\aqms_fs2\gui\vendor\codeigniter4\framework\system\CodeIgniter.php(332): CodeIgniter\CodeIgniter->handleRequest(NULL, Object(Config\Cache), false)
#4 C:\Users\dhove\Documents\TRUSUR\aqms_fs2\gui\public\index.php(45): CodeIgniter\CodeIgniter->run()
#5 C:\Users\dhove\Documents\TRUSUR\aqms_fs2\gui\vendor\codeigniter4\framework\system\Commands\Server\rewrite.php(45): require_once('C:\\Users\\dhove\\...')
#6 {main}
